2018-01-16 03:42:15 +0000 [MT] Initial pipeline context: <IDEDistributionProcessingPipelineContext: 0x7fb8d1033510; archive(resolved)='<IDEArchive: 0x7fb8d0e63560>', distributionTask(resolved)='2', distributionMethod(resolved)='<IDEDistributionMethodAdHoc: 0x7fb8d0d91660>', team(resolved)='<IDEProvisioningBasicTeam 0x7fb8d1010cb0: teamID: 5AKW4L943P, teamName: Yuma Kanno>'>
	Chain (11, self inclusive):
	<IDEDistributionProcessingPipelineContext: 0x7fb8d1033510; archive = '<IDEArchive: 0x7fb8d0e63560>', distributionMethod='<IDEDistributionMethodAdHoc: 0x7fb8d0d91660>', team='<IDEProvisioningBasicTeam 0x7fb8d1010cb0: teamID: 5AKW4L943P, teamName: Yuma Kanno>'>
	<IDEDistributionProcessingPipelineContext: 0x7fb8d0dc6c50; archive = '<IDEArchive: 0x7fb8d0e63560>', distributionMethod='<IDEDistributionMethodAdHoc: 0x7fb8d0d91660>', team='<IDEProvisioningBasicTeam 0x7fb8d1010cb0: teamID: 5AKW4L943P, teamName: Yuma Kanno>'>
	<IDEDistributionContext: 0x7fb8d0ec4640; archive = '<IDEArchive: 0x7fb8d0e63560>', distributionMethod='<IDEDistributionMethodAdHoc: 0x7fb8d0d91660>', team='<IDEProvisioningBasicTeam 0x7fb8d1010cb0: teamID: 5AKW4L943P, teamName: Yuma Kanno>'>
	<IDEDistributionContext: 0x7fb8d0eac600; archive = '<IDEArchive: 0x7fb8d0e63560>', distributionMethod='<IDEDistributionMethodAdHoc: 0x7fb8d0d91660>', team='<IDEProvisioningBasicTeam 0x7fb8d1010cb0: teamID: 5AKW4L943P, teamName: Yuma Kanno>'>
	<IDEDistributionContext: 0x7fb8d0ea9f60; archive = '<IDEArchive: 0x7fb8d0e63560>', distributionMethod='<IDEDistributionMethodAdHoc: 0x7fb8d0d91660>', team='<IDEProvisioningBasicTeam 0x7fb8d1010cb0: teamID: 5AKW4L943P, teamName: Yuma Kanno>'>
	<IDEDistributionContext: 0x7fb8d10117e0; archive = '<IDEArchive: 0x7fb8d0e63560>', distributionMethod='<IDEDistributionMethodAdHoc: 0x7fb8d0d91660>', team='<IDEProvisioningBasicTeam 0x7fb8d1010cb0: teamID: 5AKW4L943P, teamName: Yuma Kanno>'>
	<IDEDistributionContext: 0x7fb8d0ebc9d0; archive = '<IDEArchive: 0x7fb8d0e63560>', distributionMethod='<IDEDistributionMethodAdHoc: 0x7fb8d0d91660>', team='<IDEProvisioningBasicTeam 0x7fb8d1010cb0: teamID: 5AKW4L943P, teamName: Yuma Kanno>'>
	<IDEDistributionContext: 0x7fb8d0ec12d0; archive = '<IDEArchive: 0x7fb8d0e63560>', distributionMethod='<IDEDistributionMethodAdHoc: 0x7fb8d0d91660>', team='<IDEProvisioningBasicTeam 0x7fb8d1010cb0: teamID: 5AKW4L943P, teamName: Yuma Kanno>'>
	<IDEDistributionContext: 0x7fb8d0db6f00; archive = '<IDEArchive: 0x7fb8d0e63560>', distributionMethod='<IDEDistributionMethodAdHoc: 0x7fb8d0d91660>', team='<IDEProvisioningBasicTeam 0x7fb8d1010cb0: teamID: 5AKW4L943P, teamName: Yuma Kanno>'>
	<IDEDistributionContext: 0x7fb8ce4c3f40; archive = '<IDEArchive: 0x7fb8d0e63560>', distributionMethod='<IDEDistributionMethodAdHoc: 0x7fb8d0d91660>', team='(null)'>
	<IDEDistributionContext: 0x7fb8d0e64410; archive = '<IDEArchive: 0x7fb8d0e63560>', distributionMethod='(null)', team='(null)'>
</IDEDistributionProcessingPipelineContext: 0x7fb8d1033510>
2018-01-16 03:42:15 +0000 [MT] Processing step: IDEDistributionCreateDestRootStep
2018-01-16 03:42:15 +0000 [MT] Processing step: IDEDistributionCopyItemStep
2018-01-16 03:42:15 +0000 [MT] Running /usr/bin/ditto '-V' '/Users/kanno/agri/gardennote-test/build/iphone/農作業記録支援システム.xcarchive/Products/Applications/農作業記録支援システム.app' '/var/folders/w0/swdd639568l6qhr9j8twggmr0000gn/T/XcodeDistPipeline.67Q/Root/Payload/農作業記録支援システム.app'
2018-01-16 03:42:15 +0000  >>> Copying /Users/kanno/agri/gardennote-test/build/iphone/農作業記録支援システム.xcarchive/Products/Applications/農作業記録支援システム.app 
2018-01-16 03:42:15 +0000  copying file ./_CodeSignature/CodeResources ... 
2018-01-16 03:42:15 +0000  11175 bytes for ./_CodeSignature/CodeResources
2018-01-16 03:42:15 +0000  copying file ./iTunesArtwork ... 
2018-01-16 03:42:15 +0000  1489 bytes for ./iTunesArtwork
2018-01-16 03:42:15 +0000  copying file ./AppIcon60x60@2x.png ... 
2018-01-16 03:42:15 +0000  349 bytes for ./AppIcon60x60@2x.png
2018-01-16 03:42:15 +0000  copying file ./AppIcon29x29@2x.png ... 
2018-01-16 03:42:15 +0000  148 bytes for ./AppIcon29x29@2x.png
2018-01-16 03:42:15 +0000  copying file ./農作業記録支援システム ... 
2018-01-16 03:42:15 +0000  3948192 bytes for ./農作業記録支援システム
2018-01-16 03:42:15 +0000  copying file ./LaunchImage-800-667h@2x.png ... 
411 bytes for ./LaunchImage-800-667h@2x.png
copying file ./AppIcon40x40@3x.png ... 
2018-01-16 03:42:15 +0000  349 bytes for ./AppIcon40x40@3x.png
2018-01-16 03:42:15 +0000  copying file ./AppIcon40x40@2x.png ... 
2018-01-16 03:42:15 +0000  271 bytes for ./AppIcon40x40@2x.png
2018-01-16 03:42:15 +0000  copying file ./AppIcon29x29@3x.png ... 
2018-01-16 03:42:15 +0000  285 bytes for ./AppIcon29x29@3x.png
2018-01-16 03:42:15 +0000  copying file ./AppIcon60x60@3x.png ... 
2018-01-16 03:42:15 +0000  507 bytes for ./AppIcon60x60@3x.png
2018-01-16 03:42:15 +0000  copying file ./com.mattmcfarland.fontawesome/icons.js.orig ... 
2018-01-16 03:42:15 +0000  15860 bytes for ./com.mattmcfarland.fontawesome/icons.js.orig
2018-01-16 03:42:15 +0000  copying file ./archived-expanded-entitlements.xcent ... 
2018-01-16 03:42:15 +0000  415 bytes for ./archived-expanded-entitlements.xcent
2018-01-16 03:42:15 +0000  copying file ./Assets.car ... 
2018-01-16 03:42:15 +0000  90168 bytes for ./Assets.car
2018-01-16 03:42:15 +0000  copying file ./LaunchImage-800-Portrait-736h@3x.png ... 
2018-01-16 03:42:15 +0000  624 bytes for ./LaunchImage-800-Portrait-736h@3x.png
2018-01-16 03:42:15 +0000  copying file ./LaunchImage-700@2x.png ... 
2018-01-16 03:42:15 +0000  363 bytes for ./LaunchImage-700@2x.png
2018-01-16 03:42:15 +0000  copying file ./LaunchImage-700-568h@2x.png ... 
2018-01-16 03:42:15 +0000  377 bytes for ./LaunchImage-700-568h@2x.png
2018-01-16 03:42:15 +0000  copying file ./LaunchScreen.storyboardc/01J-lp-oVM-view-Ze5-6b-2t3.nib ... 
2018-01-16 03:42:15 +0000  2319 bytes for ./LaunchScreen.storyboardc/01J-lp-oVM-view-Ze5-6b-2t3.nib
copying file ./LaunchScreen.storyboardc/UIViewController-01J-lp-oVM.nib ... 
2018-01-16 03:42:15 +0000  832 bytes for ./LaunchScreen.storyboardc/UIViewController-01J-lp-oVM.nib
copying file ./LaunchScreen.storyboardc/Info.plist ... 
2018-01-16 03:42:15 +0000  258 bytes for ./LaunchScreen.storyboardc/Info.plist
2018-01-16 03:42:15 +0000  copying file ./modules/ui/images/photoDefault.png ... 
2018-01-16 03:42:15 +0000  5355 bytes for ./modules/ui/images/photoDefault.png
2018-01-16 03:42:15 +0000  copying file ./modules/ui/images/badge.png ... 
2018-01-16 03:42:15 +0000  1167 bytes for ./modules/ui/images/badge.png
copying file ./modules/ui/images/closeButton.png ... 
2018-01-16 03:42:15 +0000  428 bytes for ./modules/ui/images/closeButton.png
2018-01-16 03:42:15 +0000  copying file ./fonts/uzura_font.ttf ... 
2018-01-16 03:42:15 +0000  9247356 bytes for ./fonts/uzura_font.ttf
2018-01-16 03:42:15 +0000  copying file ./fonts/com.mattmcfarland.fontawesome/LICENSE ... 
4413 bytes for ./fonts/com.mattmcfarland.fontawesome/LICENSE
copying file ./fonts/com.mattmcfarland.fontawesome/FontAwesome.ttf ... 
165548 bytes for ./fonts/com.mattmcfarland.fontawesome/FontAwesome.ttf
copying file ./fonts/com.mattmcfarland.fontawesome/README!!.md ... 
2018-01-16 03:42:15 +0000  200 bytes for ./fonts/com.mattmcfarland.fontawesome/README!!.md
copying file ./fonts/fontawesome-webfont.ttf ... 
2018-01-16 03:42:15 +0000  165548 bytes for ./fonts/fontawesome-webfont.ttf
2018-01-16 03:42:15 +0000  copying file ./embedded.mobileprovision ... 
2018-01-16 03:42:15 +0000  8302 bytes for ./embedded.mobileprovision
2018-01-16 03:42:15 +0000  copying file ./LaunchImage-800-Landscape-736h@3x.png ... 
2018-01-16 03:42:15 +0000  621 bytes for ./LaunchImage-800-Landscape-736h@3x.png
2018-01-16 03:42:15 +0000  copying file ./Info.plist ... 
2018-01-16 03:42:15 +0000  2261 bytes for ./Info.plist
2018-01-16 03:42:15 +0000  copying file ./PkgInfo ... 
2018-01-16 03:42:15 +0000  8 bytes for ./PkgInfo
2018-01-16 03:42:15 +0000  copying file ./iTunesArtwork@2x ... 
2018-01-16 03:42:15 +0000  225 bytes for ./iTunesArtwork@2x
2018-01-16 03:42:15 +0000  2018-01-16 03:42:15 +0000  

2018-01-16 03:42:15 +0000 [MT] /usr/bin/ditto exited with 02018-01-16 03:42:15 +0000  2018-01-16 03:42:15 +0000  


2018-01-16 03:42:15 +0000 [MT] Processing step: IDEDistributionEmbedProfileStep
2018-01-16 03:42:15 +0000 [MT] Processing step: IDEDistributionAppThinningPlistStep
2018-01-16 03:42:15 +0000 [MT] Skipping step: IDEDistributionAppThinningPlistStep because it said so
2018-01-16 03:42:15 +0000 [MT] Processing step: IDEDistributionCompileBitcodeStep
2018-01-16 03:42:15 +0000 [MT] Skipping step: IDEDistributionCompileBitcodeStep because it said so
2018-01-16 03:42:15 +0000 [MT] Processing step: IDEDistributionCodeSlimmingStep
2018-01-16 03:42:15 +0000 [MT] Processing step: IDEDistributionCopyBCSymbolMapsStep
2018-01-16 03:42:15 +0000 [MT] Skipping step: IDEDistributionCopyBCSymbolMapsStep because it said so
2018-01-16 03:42:15 +0000 [MT] Processing step: IDEDistributionSymbolsStep
2018-01-16 03:42:15 +0000 [MT] Skipping step: IDEDistributionSymbolsStep because it said so
2018-01-16 03:42:15 +0000 [MT] Processing step: IDEDistributionAppThinningStep
2018-01-16 03:42:15 +0000 [MT] Skipping step: IDEDistributionAppThinningStep because it said so
2018-01-16 03:42:15 +0000 [MT] Processing step: IDEDistributionODRStep
2018-01-16 03:42:15 +0000 [MT] Processing step: IDEDistributionStripXattrsStep
2018-01-16 03:42:15 +0000 [MT] Running /usr/bin/xattr '-crs' '/var/folders/w0/swdd639568l6qhr9j8twggmr0000gn/T/XcodeDistPipeline.67Q/Root/Payload/農作業記録支援システム.app'
2018-01-16 03:42:16 +0000  
2018-01-16 03:42:16 +0000  2018-01-16 03:42:16 +0000 [MT] /usr/bin/xattr exited with 0

2018-01-16 03:42:16 +0000  
2018-01-16 03:42:16 +0000 [MT] Processing step: IDEDistributionCodesignStep
2018-01-16 03:42:16 +0000 [MT] Applying entitlements delta for <IDEDistributionItem: 0x7fb8d1009190 'com.canno.gardennote' '<DVTFilePath:0x7fb8d0e63ff0:'/Users/kanno/agri/gardennote-test/build/iphone/農作業記録支援システム.xcarchive/Products/Applications/農作業記録支援システム.app'>'> from <IDEiCloudEntitlementsProcessor: 0x7fb8d0eb4520>: {
}
2018-01-16 03:42:16 +0000 [MT] Entitlements for <IDEDistributionItem: 0x7fb8d1009190 'com.canno.gardennote' '<DVTFilePath:0x7fb8d0e63ff0:'/Users/kanno/agri/gardennote-test/build/iphone/農作業記録支援システム.xcarchive/Products/Applications/農作業記録支援システム.app'>'>: {
    "application-identifier" = "5AKW4L943P.com.canno.gardennote";
    "com.apple.developer.team-identifier" = 5AKW4L943P;
    "get-task-allow" = 0;
    "keychain-access-groups" =     (
        "5AKW4L943P.com.canno.gardennote"
    );
}
2018-01-16 03:42:16 +0000 [MT] Writing entitlements for <IDEDistributionItem: 0x7fb8d1009190 'com.canno.gardennote' '<DVTFilePath:0x7fb8d0e63ff0:'/Users/kanno/agri/gardennote-test/build/iphone/農作業記録支援システム.xcarchive/Products/Applications/農作業記録支援システム.app'>'> to: /var/folders/w0/swdd639568l6qhr9j8twggmr0000gn/T/XcodeDistPipeline.67Q/entitlementsWBUJZz
2018-01-16 03:42:16 +0000 [MT] Running /usr/bin/codesign '-vvv' '--force' '--sign' '4A4E62F19A32BD43B9C50A09B994C00CC3C47AC9' '--preserve-metadata=identifier,flags' '--entitlements' '/var/folders/w0/swdd639568l6qhr9j8twggmr0000gn/T/XcodeDistPipeline.67Q/entitlementsWBUJZz' '/var/folders/w0/swdd639568l6qhr9j8twggmr0000gn/T/XcodeDistPipeline.67Q/Root/Payload/農作業記録支援システム.app'
2018-01-16 03:42:16 +0000  /var/folders/w0/swdd639568l6qhr9j8twggmr0000gn/T/XcodeDistPipeline.67Q/Root/Payload/農作業記録支援システム.app: replacing existing signature
2018-01-16 03:42:16 +0000  /var/folders/w0/swdd639568l6qhr9j8twggmr0000gn/T/XcodeDistPipeline.67Q/Root/Payload/農作業記録支援システム.app: signed app bundle with Mach-O universal (armv7 arm64) [com.canno.gardennote]
2018-01-16 03:42:16 +0000  2018-01-16 03:42:16 +0000  

2018-01-16 03:42:16 +0000  
2018-01-16 03:42:16 +0000  
2018-01-16 03:42:16 +0000 [MT] /usr/bin/codesign exited with 0
2018-01-16 03:42:16 +0000  2018-01-16 03:42:16 +0000  

2018-01-16 03:42:16 +0000 [MT] Processing step: IDEDistributionStreamingZipItemStep
2018-01-16 03:42:16 +0000 [MT] Skipping step: IDEDistributionStreamingZipItemStep because it said so
2018-01-16 03:42:16 +0000 [MT] Processing step: IDEDistributionCreateIPAStep
2018-01-16 03:42:16 +0000 [MT] Running /usr/bin/ditto '-V' '-c' '-k' '--norsrc' '/var/folders/w0/swdd639568l6qhr9j8twggmr0000gn/T/XcodeDistPipeline.67Q/Root' '/var/folders/w0/swdd639568l6qhr9j8twggmr0000gn/T/XcodeDistPipeline.67Q/Packages/農作業記録支援システム.ipa'
2018-01-16 03:42:16 +0000  >>> Copying /var/folders/w0/swdd639568l6qhr9j8twggmr0000gn/T/XcodeDistPipeline.67Q/Root 
2018-01-16 03:42:16 +0000  copying file ./Payload/農作業記録支援システム.app/_CodeSignature/CodeResources ... 
2018-01-16 03:42:16 +0000  11175 bytes for ./Payload/農作業記録支援システム.app/_CodeSignature/CodeResources
2018-01-16 03:42:16 +0000  copying file ./Payload/農作業記録支援システム.app/iTunesArtwork ... 
2018-01-16 03:42:16 +0000  1489 bytes for ./Payload/農作業記録支援システム.app/iTunesArtwork
copying file ./Payload/農作業記録支援システム.app/AppIcon60x60@2x.png ... 
2018-01-16 03:42:16 +0000  349 bytes for ./Payload/農作業記録支援システム.app/AppIcon60x60@2x.png
copying file ./Payload/農作業記録支援システム.app/AppIcon29x29@2x.png ... 
2018-01-16 03:42:16 +0000  148 bytes for ./Payload/農作業記録支援システム.app/AppIcon29x29@2x.png
copying file ./Payload/農作業記録支援システム.app/農作業記録支援システム ... 
2018-01-16 03:42:16 +0000  3948192 bytes for ./Payload/農作業記録支援システム.app/農作業記録支援システム
copying file ./Payload/農作業記録支援システム.app/LaunchImage-800-667h@2x.png ... 
2018-01-16 03:42:16 +0000  411 bytes for ./Payload/農作業記録支援システム.app/LaunchImage-800-667h@2x.png
copying file ./Payload/農作業記録支援システム.app/AppIcon40x40@3x.png ... 
2018-01-16 03:42:16 +0000  349 bytes for ./Payload/農作業記録支援システム.app/AppIcon40x40@3x.png
copying file ./Payload/農作業記録支援システム.app/AppIcon40x40@2x.png ... 
2018-01-16 03:42:16 +0000  271 bytes for ./Payload/農作業記録支援システム.app/AppIcon40x40@2x.png
copying file ./Payload/農作業記録支援システム.app/AppIcon29x29@3x.png ... 
2018-01-16 03:42:16 +0000  285 bytes for ./Payload/農作業記録支援システム.app/AppIcon29x29@3x.png
copying file ./Payload/農作業記録支援システム.app/AppIcon60x60@3x.png ... 
2018-01-16 03:42:16 +0000  507 bytes for ./Payload/農作業記録支援システム.app/AppIcon60x60@3x.png
2018-01-16 03:42:16 +0000  copying file ./Payload/農作業記録支援システム.app/com.mattmcfarland.fontawesome/icons.js.orig ... 
2018-01-16 03:42:16 +0000  15860 bytes for ./Payload/農作業記録支援システム.app/com.mattmcfarland.fontawesome/icons.js.orig
2018-01-16 03:42:16 +0000  copying file ./Payload/農作業記録支援システム.app/archived-expanded-entitlements.xcent ... 
2018-01-16 03:42:16 +0000  415 bytes for ./Payload/農作業記録支援システム.app/archived-expanded-entitlements.xcent
copying file ./Payload/農作業記録支援システム.app/Assets.car ... 
2018-01-16 03:42:16 +0000  90168 bytes for ./Payload/農作業記録支援システム.app/Assets.car
copying file ./Payload/農作業記録支援システム.app/LaunchImage-800-Portrait-736h@3x.png ... 
2018-01-16 03:42:16 +0000  624 bytes for ./Payload/農作業記録支援システム.app/LaunchImage-800-Portrait-736h@3x.png
copying file ./Payload/農作業記録支援システム.app/LaunchImage-700@2x.png ... 
2018-01-16 03:42:16 +0000  363 bytes for ./Payload/農作業記録支援システム.app/LaunchImage-700@2x.png
copying file ./Payload/農作業記録支援システム.app/LaunchImage-700-568h@2x.png ... 
2018-01-16 03:42:16 +0000  377 bytes for ./Payload/農作業記録支援システム.app/LaunchImage-700-568h@2x.png
2018-01-16 03:42:16 +0000  copying file ./Payload/農作業記録支援システム.app/LaunchScreen.storyboardc/01J-lp-oVM-view-Ze5-6b-2t3.nib ... 
2018-01-16 03:42:16 +0000  2319 bytes for ./Payload/農作業記録支援システム.app/LaunchScreen.storyboardc/01J-lp-oVM-view-Ze5-6b-2t3.nib
copying file ./Payload/農作業記録支援システム.app/LaunchScreen.storyboardc/UIViewController-01J-lp-oVM.nib ... 
2018-01-16 03:42:16 +0000  832 bytes for ./Payload/農作業記録支援システム.app/LaunchScreen.storyboardc/UIViewController-01J-lp-oVM.nib
2018-01-16 03:42:16 +0000  copying file ./Payload/農作業記録支援システム.app/LaunchScreen.storyboardc/Info.plist ... 
2018-01-16 03:42:16 +0000  258 bytes for ./Payload/農作業記録支援システム.app/LaunchScreen.storyboardc/Info.plist
2018-01-16 03:42:16 +0000  copying file ./Payload/農作業記録支援システム.app/modules/ui/images/photoDefault.png ... 
2018-01-16 03:42:16 +0000  5355 bytes for ./Payload/農作業記録支援システム.app/modules/ui/images/photoDefault.png
2018-01-16 03:42:16 +0000  copying file ./Payload/農作業記録支援システム.app/modules/ui/images/badge.png ... 
2018-01-16 03:42:16 +0000  1167 bytes for ./Payload/農作業記録支援システム.app/modules/ui/images/badge.png
copying file ./Payload/農作業記録支援システム.app/modules/ui/images/closeButton.png ... 
2018-01-16 03:42:16 +0000  428 bytes for ./Payload/農作業記録支援システム.app/modules/ui/images/closeButton.png
2018-01-16 03:42:16 +0000  copying file ./Payload/農作業記録支援システム.app/fonts/uzura_font.ttf ... 
2018-01-16 03:42:17 +0000  9247356 bytes for ./Payload/農作業記録支援システム.app/fonts/uzura_font.ttf
2018-01-16 03:42:17 +0000  copying file ./Payload/農作業記録支援システム.app/fonts/com.mattmcfarland.fontawesome/LICENSE ... 
2018-01-16 03:42:17 +0000  4413 bytes for ./Payload/農作業記録支援システム.app/fonts/com.mattmcfarland.fontawesome/LICENSE
2018-01-16 03:42:17 +0000  copying file ./Payload/農作業記録支援システム.app/fonts/com.mattmcfarland.fontawesome/FontAwesome.ttf ... 
2018-01-16 03:42:17 +0000  165548 bytes for ./Payload/農作業記録支援システム.app/fonts/com.mattmcfarland.fontawesome/FontAwesome.ttf
copying file ./Payload/農作業記録支援システム.app/fonts/com.mattmcfarland.fontawesome/README!!.md ... 
2018-01-16 03:42:17 +0000  200 bytes for ./Payload/農作業記録支援システム.app/fonts/com.mattmcfarland.fontawesome/README!!.md
2018-01-16 03:42:17 +0000  copying file ./Payload/農作業記録支援システム.app/fonts/fontawesome-webfont.ttf ... 
2018-01-16 03:42:17 +0000  165548 bytes for ./Payload/農作業記録支援システム.app/fonts/fontawesome-webfont.ttf
2018-01-16 03:42:17 +0000  copying file ./Payload/農作業記録支援システム.app/embedded.mobileprovision ... 
2018-01-16 03:42:17 +0000  8302 bytes for ./Payload/農作業記録支援システム.app/embedded.mobileprovision
copying file ./Payload/農作業記録支援システム.app/LaunchImage-800-Landscape-736h@3x.png ... 
2018-01-16 03:42:17 +0000  621 bytes for ./Payload/農作業記録支援システム.app/LaunchImage-800-Landscape-736h@3x.png
copying file ./Payload/農作業記録支援システム.app/Info.plist ... 
2018-01-16 03:42:17 +0000  2261 bytes for ./Payload/農作業記録支援システム.app/Info.plist
copying file ./Payload/農作業記録支援システム.app/PkgInfo ... 
2018-01-16 03:42:17 +0000  8 bytes for ./Payload/農作業記録支援システム.app/PkgInfo
2018-01-16 03:42:17 +0000  copying file ./Payload/農作業記録支援システム.app/iTunesArtwork@2x ... 
2018-01-16 03:42:17 +0000  225 bytes for ./Payload/農作業記録支援システム.app/iTunesArtwork@2x
2018-01-16 03:42:17 +0000  
2018-01-16 03:42:17 +0000  2018-01-16 03:42:17 +0000 [MT] /usr/bin/ditto exited with 0
2018-01-16 03:42:17 +0000  

2018-01-16 03:42:17 +0000  
2018-01-16 03:42:17 +0000 [MT] Processing step: IDEDistributionCreateManifestStep
